# JRE version: Java(TM) SE Runtime Environment (8.0_221-b11) (build 1.8.0_221-b11)
# Java VM: Java HotSpot(TM) 64-Bit Server VM (25.221-b11 mixed mode windows-amd64 compressed oops)
Heap:
 PSYoungGen      total 258048K, used 175375K [0x00000000e0000000, 0x00000000f6c80000, 0x0000000100000000)
  eden space 204288K, 59% used [0x00000000e0000000,0x00000000e76c8428,0x00000000ec780000)
  from space 53760K, 99% used [0x00000000f0c80000,0x00000000f40fbb88,0x00000000f4100000)
  to   space 70656K, 0% used [0x00000000ec780000,0x00000000ec780000,0x00000000f0c80000)
 ParOldGen       total 201216K, used 102054K [0x00000000a0000000, 0x00000000ac480000, 0x00000000e0000000)
  object space 201216K, 50% used [0x00000000a0000000,0x00000000a63a9b30,0x00000000ac480000)
 Metaspace       used 90315K, capacity 94472K, committed 94720K, reserved 1130496K
  class space    used 12010K, capacity 12799K, committed 12800K, reserved 1048576K
GC Heap History (10 events):
Event: 84.440 GC heap before
{Heap before GC invocations=19 (full 3):
 PSYoungGen      total 190976K, used 190948K [0x00000000e0000000, 0x00000000efd00000, 0x0000000100000000)
  eden space 164864K, 99% used [0x00000000e0000000,0x00000000ea0ff5d8,0x00000000ea100000)
  from space 26112K, 99% used [0x00000000ea100000,0x00000000eba79bf8,0x00000000eba80000)
  to   space 35840K, 0% used [0x00000000eda00000,0x00000000eda00000,0x00000000efd00000)
 ParOldGen       total 201216K, used 53803K [0x00000000a0000000, 0x00000000ac480000, 0x00000000e0000000)
  object space 201216K, 26% used [0x00000000a0000000,0x00000000a348ae08,0x00000000ac480000)
 Metaspace       used 79495K, capacity 83010K, committed 83200K, reserved 1120256K
  class space    used 10855K, capacity 11508K, committed 11520K, reserved 1048576K
Event: 84.485 GC heap after
Heap after GC invocations=19 (full 3):
 PSYoungGen      total 217600K, used 35816K [0x00000000e0000000, 0x00000000f0600000, 0x0000000100000000)
  eden space 181760K, 0% used [0x00000000e0000000,0x00000000e0000000,0x00000000eb180000)
  from space 35840K, 99% used [0x00000000eda00000,0x00000000efcfa3b0,0x00000000efd00000)
  to   space 41472K, 0% used [0x00000000eb180000,0x00000000eb180000,0x00000000eda00000)
 ParOldGen       total 201216K, used 54026K [0x00000000a0000000, 0x00000000ac480000, 0x00000000e0000000)
  object space 201216K, 26% used [0x00000000a0000000,0x00000000a34c2a70,0x00000000ac480000)
 Metaspace       used 79495K, capacity 83010K, committed 83200K, reserved 1120256K
  class space    used 10855K, capacity 11508K, committed 11520K, reserved 1048576K
}
Event: 85.817 GC heap before
{Heap before GC invocations=20 (full 3):
 PSYoungGen      total 217600K, used 217576K [0x00000000e0000000, 0x00000000f0600000, 0x0000000100000000)
  eden space 181760K, 100% used [0x00000000e0000000,0x00000000eb180000,0x00000000eb180000)
  from space 35840K, 99% used [0x00000000eda00000,0x00000000efcfa3b0,0x00000000efd00000)
  to   space 41472K, 0% used [0x00000000eb180000,0x00000000eb180000,0x00000000eda00000)
 ParOldGen       total 201216K, used 54026K [0x00000000a0000000, 0x00000000ac480000, 0x00000000e0000000)
  object space 201216K, 26% used [0x00000000a0000000,0x00000000a34c2a70,0x00000000ac480000)
 Metaspace       used 80816K, capacity 84510K, committed 84736K, reserved 1122304K
  class space    used 10958K, capacity 11676K, committed 11776K, reserved 1048576K
Event: 85.858 GC heap after
Heap after GC invocations=20 (full 3):
 PSYoungGen      total 223232K, used 21522K [0x00000000e0000000, 0x00000000f1580000, 0x0000000100000000)
  eden space 181760K, 0% used [0x00000000e0000000,0x00000000e0000000,0x00000000eb180000)
  from space 41472K, 51% used [0x00000000eb180000,0x00000000ec684ad8,0x00000000eda00000)
  to   space 40448K, 0% used [0x00000000eee00000,0x00000000eee00000,0x00000000f1580000)
 ParOldGen       total 201216K, used 66808K [0x00000000a0000000, 0x00000000ac480000, 0x00000000e0000000)
  object space 201216K, 33% used [0x00000000a0000000,0x00000000a413e060,0x00000000ac480000)
 Metaspace       used 80816K, capacity 84510K, committed 84736K, reserved 1122304K
  class space    used 10958K, capacity 11676K, committed 11776K, reserved 1048576K
}
Event: 96.152 GC heap before
{Heap before GC invocations=21 (full 3):
 PSYoungGen      total 223232K, used 199640K [0x00000000e0000000, 0x00000000f1580000, 0x0000000100000000)
  eden space 181760K, 97% used [0x00000000e0000000,0x00000000eadf1758,0x00000000eb180000)
  from space 41472K, 51% used [0x00000000eb180000,0x00000000ec684ad8,0x00000000eda00000)
  to   space 40448K, 0% used [0x00000000eee00000,0x00000000eee00000,0x00000000f1580000)
 ParOldGen       total 201216K, used 66808K [0x00000000a0000000, 0x00000000ac480000, 0x00000000e0000000)
  object space 201216K, 33% used [0x00000000a0000000,0x00000000a413e060,0x00000000ac480000)
 Metaspace       used 87100K, capacity 91086K, committed 91136K, reserved 1128448K
  class space    used 11761K, capacity 12512K, committed 12544K, reserved 1048576K
Event: 96.186 GC heap after
Heap after GC invocations=21 (full 3):
 PSYoungGen      total 240640K, used 32083K [0x00000000e0000000, 0x00000000f1780000, 0x0000000100000000)
  eden space 200192K, 0% used [0x00000000e0000000,0x00000000e0000000,0x00000000ec380000)
  from space 40448K, 79% used [0x00000000eee00000,0x00000000f0d54d80,0x00000000f1580000)
  to   space 43008K, 0% used [0x00000000ec380000,0x00000000ec380000,0x00000000eed80000)
 ParOldGen       total 201216K, used 66816K [0x00000000a0000000, 0x00000000ac480000, 0x00000000e0000000)
  object space 201216K, 33% used [0x00000000a0000000,0x00000000a4140060,0x00000000ac480000)
 Metaspace       used 87100K, capacity 91086K, committed 91136K, reserved 1128448K
  class space    used 11761K, capacity 12512K, committed 12544K, reserved 1048576K
}
Event: 102.789 GC heap before
{Heap before GC invocations=22 (full 3):
 PSYoungGen      total 240640K, used 232275K [0x00000000e0000000, 0x00000000f1780000, 0x0000000100000000)
  eden space 200192K, 100% used [0x00000000e0000000,0x00000000ec380000,0x00000000ec380000)
  from space 40448K, 79% used [0x00000000eee00000,0x00000000f0d54d80,0x00000000f1580000)
  to   space 43008K, 0% used [0x00000000ec380000,0x00000000ec380000,0x00000000eed80000)
 ParOldGen       total 201216K, used 66816K [0x00000000a0000000, 0x00000000ac480000, 0x00000000e0000000)
  object space 201216K, 33% used [0x00000000a0000000,0x00000000a4140060,0x00000000ac480000)
 Metaspace       used 89354K, capacity 93392K, committed 93696K, reserved 1130496K
  class space    used 11937K, capacity 12705K, committed 12800K, reserved 1048576K
Event: 102.879 GC heap after
Heap after GC invocations=22 (full 3):
 PSYoungGen      total 243200K, used 42989K [0x00000000e0000000, 0x00000000f4100000, 0x0000000100000000)
  eden space 200192K, 0% used [0x00000000e0000000,0x00000000e0000000,0x00000000ec380000)
  from space 43008K, 99% used [0x00000000ec380000,0x00000000eed7b678,0x00000000eed80000)
  to   space 53760K, 0% used [0x00000000f0c80000,0x00000000f0c80000,0x00000000f4100000)
 ParOldGen       total 201216K, used 78071K [0x00000000a0000000, 0x00000000ac480000, 0x00000000e0000000)
  object space 201216K, 38% used [0x00000000a0000000,0x00000000a4c3dcc8,0x00000000ac480000)
 Metaspace       used 89354K, capacity 93392K, committed 93696K, reserved 1130496K
  class space    used 11937K, capacity 12705K, committed 12800K, reserved 1048576K
}
Event: 104.850 GC heap before
{Heap before GC invocations=23 (full 3):
 PSYoungGen      total 243200K, used 242967K [0x00000000e0000000, 0x00000000f4100000, 0x0000000100000000)
  eden space 200192K, 99% used [0x00000000e0000000,0x00000000ec34a878,0x00000000ec380000)
  from space 43008K, 99% used [0x00000000ec380000,0x00000000eed7b678,0x00000000eed80000)
  to   space 53760K, 0% used [0x00000000f0c80000,0x00000000f0c80000,0x00000000f4100000)
 ParOldGen       total 201216K, used 78071K [0x00000000a0000000, 0x00000000ac480000, 0x00000000e0000000)
  object space 201216K, 38% used [0x00000000a0000000,0x00000000a4c3dcc8,0x00000000ac480000)
 Metaspace       used 90195K, capacity 94306K, committed 94464K, reserved 1130496K
  class space    used 12001K, capacity 12766K, committed 12800K, reserved 1048576K
Event: 104.958 GC heap after
Heap after GC invocations=23 (full 3):
 PSYoungGen      total 258048K, used 53742K [0x00000000e0000000, 0x00000000f6c80000, 0x0000000100000000)
  eden space 204288K, 0% used [0x00000000e0000000,0x00000000e0000000,0x00000000ec780000)
  from space 53760K, 99% used [0x00000000f0c80000,0x00000000f40fbb88,0x00000000f4100000)
  to   space 70656K, 0% used [0x00000000ec780000,0x00000000ec780000,0x00000000f0c80000)
 ParOldGen       total 201216K, used 102054K [0x00000000a0000000, 0x00000000ac480000, 0x00000000e0000000)
  object space 201216K, 50% used [0x00000000a0000000,0x00000000a63a9b30,0x00000000ac480000)
 Metaspace       used 90195K, capacity 94306K, committed 94464K, reserved 1130496K
  class space    used 12001K, capacity 12766K, committed 12800K, reserved 1048576K
}

